2021-05-28 10:09:48.663  INFO 3019 --- [main] com.emeims.EmeimsApplication             : Starting EmeimsApplication using Java 1.8.0_282 on debian with PID 3019 (/home/d-boy/code/gitRepository/GP/emeims/target/classes started by d-boy in /home/d-boy/code/gitRepository/GP/emeims)
2021-05-28 10:09:48.695  INFO 3019 --- [main] com.emeims.EmeimsApplication             : No active profile set, falling back to default profiles: default
2021-05-28 10:09:50.562  INFO 3019 --- [main] o.s.b.w.embedded.tomcat.TomcatWebServer  : Tomcat initialized with port(s): 9090 (http)
2021-05-28 10:09:50.569  INFO 3019 --- [main] o.apache.catalina.core.StandardService   : Starting service [Tomcat]
2021-05-28 10:09:50.570  INFO 3019 --- [main] org.apache.catalina.core.StandardEngine  : Starting Servlet engine: [Apache Tomcat/9.0.43]
2021-05-28 10:09:50.619  INFO 3019 --- [main] o.a.c.c.C.[Tomcat].[localhost].[/]       : Initializing Spring embedded WebApplicationContext
2021-05-28 10:09:50.619  INFO 3019 --- [main] w.s.c.ServletWebServerApplicationContext : Root WebApplicationContext: initialization completed in 1858 ms
2021-05-28 10:09:51.775  INFO 3019 --- [main] pertySourcedRequestMappingHandlerMapping : Mapped URL path [/v2/api-docs] onto method [springfox.documentation.swagger2.web.Swagger2Controller#getDocumentation(String, HttpServletRequest)]
2021-05-28 10:09:51.861  INFO 3019 --- [main] o.s.s.concurrent.ThreadPoolTaskExecutor  : Initializing ExecutorService 'applicationTaskExecutor'
2021-05-28 10:09:52.114  INFO 3019 --- [main] o.s.b.w.embedded.tomcat.TomcatWebServer  : Tomcat started on port(s): 9090 (http) with context path ''
2021-05-28 10:09:52.115  INFO 3019 --- [main] d.s.w.p.DocumentationPluginsBootstrapper : Context refreshed
2021-05-28 10:09:52.139  INFO 3019 --- [main] d.s.w.p.DocumentationPluginsBootstrapper : Found 1 custom documentation plugin(s)
2021-05-28 10:09:52.164  INFO 3019 --- [main] s.d.s.w.s.ApiListingReferenceScanner     : Scanning for api listing references
2021-05-28 10:09:52.495  INFO 3019 --- [main] com.emeims.EmeimsApplication             : Started EmeimsApplication in 4.563 seconds (JVM running for 5.341)
2021-05-28 10:10:24.975  INFO 3019 --- [http-nio-9090-exec-1] o.a.c.c.C.[Tomcat].[localhost].[/]       : Initializing Spring DispatcherServlet 'dispatcherServlet'
2021-05-28 10:10:24.975  INFO 3019 --- [http-nio-9090-exec-1] o.s.web.servlet.DispatcherServlet        : Initializing Servlet 'dispatcherServlet'
2021-05-28 10:10:24.976  INFO 3019 --- [http-nio-9090-exec-1] o.s.web.servlet.DispatcherServlet        : Completed initialization in 1 ms
2021-05-28 10:10:25.016  INFO 3019 --- [http-nio-9090-exec-1] com.emeims.controller.UserController     : 邮箱地址:[admin]
2021-05-28 10:10:25.017  INFO 3019 --- [http-nio-9090-exec-1] com.emeims.controller.UserController     : 用户密码:[1]
2021-05-28 10:10:25.040 DEBUG 3019 --- [http-nio-9090-exec-1] com.emeims.dao.UserMapper                : Cache Hit Ratio [com.emeims.dao.UserMapper]: 0.0
2021-05-28 10:10:25.044  INFO 3019 --- [http-nio-9090-exec-1] com.zaxxer.hikari.HikariDataSource       : HikariPool-1 - Starting...
2021-05-28 10:10:25.195  INFO 3019 --- [http-nio-9090-exec-1] com.zaxxer.hikari.HikariDataSource       : HikariPool-1 - Start completed.
2021-05-28 10:10:25.201 DEBUG 3019 --- [http-nio-9090-exec-1] com.emeims.dao.UserMapper.getUserByInfo  : ==>  Preparing: select * from emcims.user, emcims.position, emcims.company where user.position_id=position.position_id and user.user_email = ?
2021-05-28 10:10:25.224 DEBUG 3019 --- [http-nio-9090-exec-1] com.emeims.dao.UserMapper.getUserByInfo  : ==> Parameters: admin(String)
2021-05-28 10:10:25.241 DEBUG 3019 --- [http-nio-9090-exec-1] com.emeims.dao.UserMapper.getUserByInfo  : <==      Total: 1
2021-05-28 10:10:25.429  INFO 3019 --- [http-nio-9090-exec-3] com.emeims.interceptor.JwtInterceptor    : token:[eyJ0eXAiOiJKV1QiLCJhbGciOiJIUzI1NiJ9.eyJuYW1lIjoiYWRtaW4iLCJpZCI6IjEiLCJleHAiOjE2MjI3NzI2MjUsImVtYWlsIjoiYWRtaW4ifQ.xEDshrb5qfc-s4fEzsb8zCOeV1Tcdfg7ZDS4i0OpK3Y]
2021-05-28 10:10:25.431  INFO 3019 --- [http-nio-9090-exec-5] com.emeims.interceptor.JwtInterceptor    : token:[eyJ0eXAiOiJKV1QiLCJhbGciOiJIUzI1NiJ9.eyJuYW1lIjoiYWRtaW4iLCJpZCI6IjEiLCJleHAiOjE2MjI3NzI2MjUsImVtYWlsIjoiYWRtaW4ifQ.xEDshrb5qfc-s4fEzsb8zCOeV1Tcdfg7ZDS4i0OpK3Y]
2021-05-28 10:10:25.431  INFO 3019 --- [http-nio-9090-exec-4] com.emeims.interceptor.JwtInterceptor    : token:[eyJ0eXAiOiJKV1QiLCJhbGciOiJIUzI1NiJ9.eyJuYW1lIjoiYWRtaW4iLCJpZCI6IjEiLCJleHAiOjE2MjI3NzI2MjUsImVtYWlsIjoiYWRtaW4ifQ.xEDshrb5qfc-s4fEzsb8zCOeV1Tcdfg7ZDS4i0OpK3Y]
2021-05-28 10:10:25.433  INFO 3019 --- [http-nio-9090-exec-2] com.emeims.interceptor.JwtInterceptor    : token:[eyJ0eXAiOiJKV1QiLCJhbGciOiJIUzI1NiJ9.eyJuYW1lIjoiYWRtaW4iLCJpZCI6IjEiLCJleHAiOjE2MjI3NzI2MjUsImVtYWlsIjoiYWRtaW4ifQ.xEDshrb5qfc-s4fEzsb8zCOeV1Tcdfg7ZDS4i0OpK3Y]
2021-05-28 10:10:25.464  INFO 3019 --- [http-nio-9090-exec-4] com.emeims.interceptor.JwtInterceptor    : token签名有效
2021-05-28 10:10:25.464  INFO 3019 --- [http-nio-9090-exec-3] com.emeims.interceptor.JwtInterceptor    : token签名有效
2021-05-28 10:10:25.465 DEBUG 3019 --- [http-nio-9090-exec-3] com.emeims.dao.UserMapper                : Cache Hit Ratio [com.emeims.dao.UserMapper]: 0.0
2021-05-28 10:10:25.464  INFO 3019 --- [http-nio-9090-exec-5] com.emeims.interceptor.JwtInterceptor    : token签名有效
2021-05-28 10:10:25.466 DEBUG 3019 --- [http-nio-9090-exec-3] com.emeims.dao.UserMapper.countUser      : ==>  Preparing: select position.position_name pn,count(user.position_id) un from emcims.user, emcims.position where user.position_id=position.position_id group by user.position_id;
2021-05-28 10:10:25.466 DEBUG 3019 --- [http-nio-9090-exec-3] com.emeims.dao.UserMapper.countUser      : ==> Parameters: 
2021-05-28 10:10:25.465 DEBUG 3019 --- [http-nio-9090-exec-4] com.emeims.dao.CountMapper               : Cache Hit Ratio [com.emeims.dao.CountMapper]: 0.0
2021-05-28 10:10:25.469 DEBUG 3019 --- [http-nio-9090-exec-4] c.e.dao.CountMapper.countStockByType     : ==>  Preparing: select stock_motor_type,count(emcims.stock.stock_id) stockMotorNumber from emcims.stock group by emcims.stock.stock_motor_type;
2021-05-28 10:10:25.469 DEBUG 3019 --- [http-nio-9090-exec-4] c.e.dao.CountMapper.countStockByType     : ==> Parameters: 
2021-05-28 10:10:25.465  INFO 3019 --- [http-nio-9090-exec-2] com.emeims.interceptor.JwtInterceptor    : token签名有效
2021-05-28 10:10:25.472 DEBUG 3019 --- [http-nio-9090-exec-4] c.e.dao.CountMapper.countStockByType     : <==      Total: 3
2021-05-28 10:10:25.473 DEBUG 3019 --- [http-nio-9090-exec-2] com.emeims.dao.CountMapper               : Cache Hit Ratio [com.emeims.dao.CountMapper]: 0.0
2021-05-28 10:10:25.473 DEBUG 3019 --- [http-nio-9090-exec-3] com.emeims.dao.UserMapper.countUser      : <==      Total: 3
2021-05-28 10:10:25.474 DEBUG 3019 --- [http-nio-9090-exec-5] com.emeims.dao.CountMapper               : Cache Hit Ratio [com.emeims.dao.CountMapper]: 0.0
2021-05-28 10:10:25.474 DEBUG 3019 --- [http-nio-9090-exec-3] com.emeims.dao.UserMapper                : Cache Hit Ratio [com.emeims.dao.UserMapper]: 0.3333333333333333
2021-05-28 10:10:25.475 DEBUG 3019 --- [http-nio-9090-exec-5] c.e.dao.CountMapper.countSalesByDay      : ==>  Preparing: select DATE_FORMAT(emcims.sales.sales_end_time,'%Y-%m-%d') sales_date, count(emcims.sales.sales_id) sales_number from emcims.sales WHERE emcims.sales.sales_end_time >= ? and emcims.sales.sales_end_time <= ? and emcims.sales.sales_status='已完成' group by sales_date;
2021-05-28 10:10:25.475 DEBUG 3019 --- [http-nio-9090-exec-5] c.e.dao.CountMapper.countSalesByDay      : ==> Parameters: 2021-05-21(String), 2021-05-29(String)
2021-05-28 10:10:25.475 DEBUG 3019 --- [http-nio-9090-exec-2] c.e.dao.CountMapper.countPurchaseByDay   : ==>  Preparing: select DATE_FORMAT(emcims.purchase.purchase_end_time,'%Y-%m-%d') purchase_date, count(emcims.purchase.purchase_id) purchase_number from emcims.purchase WHERE purchase.purchase_end_time >= ? and purchase.purchase_end_time <= ? and purchase.purchase_status='已完成' group by purchase_date;
2021-05-28 10:10:25.478 DEBUG 3019 --- [http-nio-9090-exec-2] c.e.dao.CountMapper.countPurchaseByDay   : ==> Parameters: 2021-05-21(String), 2021-05-29(String)
2021-05-28 10:10:25.481 DEBUG 3019 --- [http-nio-9090-exec-2] c.e.dao.CountMapper.countPurchaseByDay   : <==      Total: 1
2021-05-28 10:10:25.483 DEBUG 3019 --- [http-nio-9090-exec-5] c.e.dao.CountMapper.countSalesByDay      : <==      Total: 1
2021-05-28 10:10:27.857  INFO 3019 --- [http-nio-9090-exec-6] com.emeims.interceptor.JwtInterceptor    : token:[eyJ0eXAiOiJKV1QiLCJhbGciOiJIUzI1NiJ9.eyJuYW1lIjoiYWRtaW4iLCJpZCI6IjEiLCJleHAiOjE2MjI3NzI2MjUsImVtYWlsIjoiYWRtaW4ifQ.xEDshrb5qfc-s4fEzsb8zCOeV1Tcdfg7ZDS4i0OpK3Y]
2021-05-28 10:10:27.858  INFO 3019 --- [http-nio-9090-exec-6] com.emeims.interceptor.JwtInterceptor    : token签名有效
2021-05-28 10:10:27.858 DEBUG 3019 --- [http-nio-9090-exec-6] com.emeims.dao.StockMapper               : Cache Hit Ratio [com.emeims.dao.StockMapper]: 0.0
2021-05-28 10:10:27.859 DEBUG 3019 --- [http-nio-9090-exec-6] com.emeims.dao.StockMapper.getAllStock   : ==>  Preparing: select stock_id, stock_supplier, stock_motor_type, stock_motor_model, stock_motor_price_in/stock_motor_quantity stock_motor_avg_price, stock_motor_quantity, stock_motor_price_in, stock_motor_price_out, stock_status, stock_operator_up, stock_operator_down, stock_up_time, stock_down_time from emcims.stock;
2021-05-28 10:10:27.859 DEBUG 3019 --- [http-nio-9090-exec-6] com.emeims.dao.StockMapper.getAllStock   : ==> Parameters: 
2021-05-28 10:10:27.865 DEBUG 3019 --- [http-nio-9090-exec-6] com.emeims.dao.StockMapper.getAllStock   : <==      Total: 12
2021-05-28 10:10:28.265  INFO 3019 --- [http-nio-9090-exec-8] com.emeims.interceptor.JwtInterceptor    : token:[eyJ0eXAiOiJKV1QiLCJhbGciOiJIUzI1NiJ9.eyJuYW1lIjoiYWRtaW4iLCJpZCI6IjEiLCJleHAiOjE2MjI3NzI2MjUsImVtYWlsIjoiYWRtaW4ifQ.xEDshrb5qfc-s4fEzsb8zCOeV1Tcdfg7ZDS4i0OpK3Y]
2021-05-28 10:10:28.266  INFO 3019 --- [http-nio-9090-exec-8] com.emeims.interceptor.JwtInterceptor    : token签名有效
2021-05-28 10:10:28.270 DEBUG 3019 --- [http-nio-9090-exec-8] com.emeims.dao.StockMapper               : Cache Hit Ratio [com.emeims.dao.StockMapper]: 0.0
2021-05-28 10:10:28.270 DEBUG 3019 --- [http-nio-9090-exec-8] c.emeims.dao.StockMapper.getStockByInfo  : ==>  Preparing: select stock_id, stock_supplier, stock_motor_type, stock_motor_model, stock_motor_price_in/stock_motor_quantity stock_motor_avg_price, stock_motor_quantity, stock_motor_price_in, stock_motor_price_out, stock_status, stock_operator_up, stock_operator_down, stock_up_time, stock_down_time from emcims.stock WHERE stock_status=?
2021-05-28 10:10:28.270 DEBUG 3019 --- [http-nio-9090-exec-8] c.emeims.dao.StockMapper.getStockByInfo  : ==> Parameters: 已上架(String)
2021-05-28 10:10:28.275 DEBUG 3019 --- [http-nio-9090-exec-8] c.emeims.dao.StockMapper.getStockByInfo  : <==      Total: 6
2021-05-28 10:10:28.987  INFO 3019 --- [http-nio-9090-exec-7] com.emeims.interceptor.JwtInterceptor    : token:[eyJ0eXAiOiJKV1QiLCJhbGciOiJIUzI1NiJ9.eyJuYW1lIjoiYWRtaW4iLCJpZCI6IjEiLCJleHAiOjE2MjI3NzI2MjUsImVtYWlsIjoiYWRtaW4ifQ.xEDshrb5qfc-s4fEzsb8zCOeV1Tcdfg7ZDS4i0OpK3Y]
2021-05-28 10:10:28.988  INFO 3019 --- [http-nio-9090-exec-7] com.emeims.interceptor.JwtInterceptor    : token签名有效
2021-05-28 10:10:28.989 DEBUG 3019 --- [http-nio-9090-exec-7] com.emeims.dao.UserMapper                : Cache Hit Ratio [com.emeims.dao.UserMapper]: 0.25
2021-05-28 10:10:28.990 DEBUG 3019 --- [http-nio-9090-exec-7] com.emeims.dao.UserMapper.getAllUser     : ==>  Preparing: select * from emcims.user u, emcims.position p, emcims.company c where u.position_id=p.position_id and u.company_id=c.company_id
2021-05-28 10:10:28.992 DEBUG 3019 --- [http-nio-9090-exec-7] com.emeims.dao.UserMapper.getAllUser     : ==> Parameters: 
2021-05-28 10:10:28.995 DEBUG 3019 --- [http-nio-9090-exec-7] com.emeims.dao.UserMapper.getAllUser     : <==      Total: 5
2021-05-28 10:10:30.043  INFO 3019 --- [http-nio-9090-exec-9] com.emeims.interceptor.JwtInterceptor    : token:[eyJ0eXAiOiJKV1QiLCJhbGciOiJIUzI1NiJ9.eyJuYW1lIjoiYWRtaW4iLCJpZCI6IjEiLCJleHAiOjE2MjI3NzI2MjUsImVtYWlsIjoiYWRtaW4ifQ.xEDshrb5qfc-s4fEzsb8zCOeV1Tcdfg7ZDS4i0OpK3Y]
2021-05-28 10:10:30.044  INFO 3019 --- [http-nio-9090-exec-9] com.emeims.interceptor.JwtInterceptor    : token签名有效
2021-05-28 10:10:30.044 DEBUG 3019 --- [http-nio-9090-exec-9] com.emeims.dao.PurchaseMapper            : Cache Hit Ratio [com.emeims.dao.PurchaseMapper]: 0.0
2021-05-28 10:10:30.045 DEBUG 3019 --- [http-nio-9090-exec-9] c.e.dao.PurchaseMapper.getAllPurchase    : ==>  Preparing: select * from emcims.purchase;
2021-05-28 10:10:30.045 DEBUG 3019 --- [http-nio-9090-exec-9] c.e.dao.PurchaseMapper.getAllPurchase    : ==> Parameters: 
2021-05-28 10:10:30.052 DEBUG 3019 --- [http-nio-9090-exec-9] c.e.dao.PurchaseMapper.getAllPurchase    : <==      Total: 15
2021-05-28 10:11:30.080  INFO 3019 --- [SpringContextShutdownHook] o.s.s.concurrent.ThreadPoolTaskExecutor  : Shutting down ExecutorService 'applicationTaskExecutor'
2021-05-28 10:11:30.083  INFO 3019 --- [SpringContextShutdownHook] com.zaxxer.hikari.HikariDataSource       : HikariPool-1 - Shutdown initiated...
2021-05-28 10:11:30.089  INFO 3019 --- [SpringContextShutdownHook] com.zaxxer.hikari.HikariDataSource       : HikariPool-1 - Shutdown completed.
